<?xml version="1.0" encoding="UTF-8"?>
<!-- Generated by org.testng.reporters.JUnitXMLReporter -->
<testsuite hostname="LAPTOP-IOIPFRQL" ignored="1" name="Default test(failed)" tests="1" failures="0" timestamp="29 Apr 2019 16:58:25 GMT" time="8.344" errors="0">
  <testcase name="Chicago2" time="3.429" classname="co.uk.gotogate.flights.ChicagoTest"/>
  <testcase name="Chicago" time="0.0" classname="co.uk.gotogate.flights.ChicagoTest">
    <ignored/>
  </testcase> <!-- Chicago -->
</testsuite> <!-- Default test(failed) -->
