<?xml version="1.0" encoding="UTF-8"?>
<testng-results skipped="0" failed="0" ignored="1" total="2" passed="1">
  <reporter-output>
  </reporter-output>
  <suite name="Failed suite [Default suite]" duration-ms="8344" started-at="2019-04-29T16:58:17Z" finished-at="2019-04-29T16:58:25Z">
    <groups>
    </groups>
    <test name="Default test(failed)" duration-ms="8344" started-at="2019-04-29T16:58:17Z" finished-at="2019-04-29T16:58:25Z">
      <class name="co.uk.gotogate.flights.ChicagoTest">
        <test-method status="PASS" signature="setUp()[pri:0, instance:co.uk.gotogate.flights.ChicagoTest@5d76b067]" name="setUp" is-config="true" duration-ms="4711" started-at="2019-04-29T16:58:17Z" finished-at="2019-04-29T16:58:21Z">
          <reporter-output>
          </reporter-output>
        </test-method> <!-- setUp -->
        <test-method status="PASS" signature="Chicago2()[pri:0, instance:co.uk.gotogate.flights.ChicagoTest@5d76b067]" name="Chicago2" duration-ms="3429" started-at="2019-04-29T16:58:21Z" finished-at="2019-04-29T16:58:25Z">
          <reporter-output>
          </reporter-output>
        </test-method> <!-- Chicago2 -->
        <test-method status="PASS" signature="teardown()[pri:0, instance:co.uk.gotogate.flights.ChicagoTest@5d76b067]" name="teardown" is-config="true" duration-ms="163" started-at="2019-04-29T16:58:25Z" finished-at="2019-04-29T16:58:25Z">
          <reporter-output>
          </reporter-output>
        </test-method> <!-- teardown -->
      </class> <!-- co.uk.gotogate.flights.ChicagoTest -->
    </test> <!-- Default test(failed) -->
  </suite> <!-- Failed suite [Default suite] -->
</testng-results>
